\BOOKMARK [0][-]{chapter*.1}{Agradecimientos}{}% 1
\BOOKMARK [1][-]{chapter*.4}{Resumen}{chapter*.1}% 2
\BOOKMARK [0][-]{chapter*.5}{Lista de figuras}{}% 3
\BOOKMARK [0][-]{chapter.1}{Introducci\363n}{}% 4
\BOOKMARK [1][-]{section.1.1}{Justificaci\363n y objetivos}{chapter.1}% 5
\BOOKMARK [1][-]{section.1.2}{Dodecafonismo}{chapter.1}% 6
\BOOKMARK [1][-]{section.1.3}{Composici\363n autom\341tica}{chapter.1}% 7
\BOOKMARK [0][-]{chapter.2}{Tecnolog\355as utilizadas}{}% 8
\BOOKMARK [1][-]{section.2.1}{OpenMusic}{chapter.2}% 9
\BOOKMARK [1][-]{section.2.2}{Lisp}{chapter.2}% 10
\BOOKMARK [2][-]{subsection.2.2.1}{Common Lisp}{section.2.2}% 11
\BOOKMARK [1][-]{section.2.3}{Python}{chapter.2}% 12
\BOOKMARK [1][-]{section.2.4}{QT}{chapter.2}% 13
\BOOKMARK [1][-]{section.2.5}{PyQt}{chapter.2}% 14
\BOOKMARK [0][-]{chapter.3}{Cuerpo del trabajo}{}% 15
\BOOKMARK [1][-]{section.3.1}{Esquema del sistema}{chapter.3}% 16
\BOOKMARK [2][-]{subsection.3.1.1}{Interfaz gr\341fica}{section.3.1}% 17
\BOOKMARK [2][-]{subsection.3.1.2}{Generador de series}{section.3.1}% 18
\BOOKMARK [2][-]{subsection.3.1.3}{Generaci\363n de la partitura}{section.3.1}% 19
\BOOKMARK [2][-]{subsection.3.1.4}{Uso de los ficheros exportados}{section.3.1}% 20
\BOOKMARK [0][-]{chapter.4}{Conclusiones}{}% 21
\BOOKMARK [1][-]{section.4.1}{L\355neas de trabajo futuras}{chapter.4}% 22
\BOOKMARK [0][-]{figure.4.1}{Bibliograf\355a}{}% 23
\BOOKMARK [0][-]{appendix.Alph1}{Enlaces de descarga}{}% 24
\BOOKMARK [0][-]{appendix.Alph1}{Configuraci\363n del entorno}{}% 25
